<?xml version="1.0" encoding="UTF-8"?>
<!-- Generated by org.testng.reporters.JUnitReportReporter -->
<testsuite hostname="DESKTOP-J74U1DK" failures="0" tests="1" name="Appiumlearing.java.APItest" time="0.024" errors="0" timestamp="2021-03-21T18:00:39 IST" skipped="0">
  <testcase classname="Appiumlearing.java.APItest" name="JIRAtest" time="0.024"/>
  <system-out/>
</testsuite> <!-- Appiumlearing.java.APItest -->
